#
# There is insufficient memory for the Java Runtime Environment to continue.
# Native memory allocation (malloc) failed to allocate 160656 bytes for Chunk::new
# Possible reasons:
#   The system is out of physical RAM or swap space
#   The process is running with CompressedOops enabled, and the Java Heap may be blocking the growth of the native heap
# Possible solutions:
#   Reduce memory load on the system
#   Increase physical memory or swap space
#   Check if swap backing store is full
#   Decrease Java heap size (-Xmx/-Xms)
#   Decrease number of Java threads
#   Decrease Java thread stack sizes (-Xss)
#   Set larger code cache with -XX:ReservedCodeCacheSize=
#   JVM is running with Unscaled Compressed Oops mode in which the Java heap is
#     placed in the first 4GB address space. The Java Heap base address is the
#     maximum limit for the native heap growth. Please use -XX:HeapBaseMinAddress
#     to set the Java Heap base and to place the Java Heap above 4GB virtual address.
# This output file may be truncated or incomplete.
#
#  Out of Memory Error (t:/workspace/open/src/hotspot/share/memory/arena.cpp:197), pid=13556, tid=13716
#
# JRE version: Java(TM) SE Runtime Environment (12.0.1+12) (build 12.0.1+12)
# Java VM: Java HotSpot(TM) 64-Bit Server VM (12.0.1+12, mixed mode, sharing, tiered, compressed oops, g1 gc, windows-amd64)
# No core dump will be written. Minidumps are not enabled by default on client versions of Windows
#

---------------  S U M M A R Y ------------

Command Line: -Dfile.encoding=UTF-8 com.biz.cbt.exec.Main

Host: Intel(R) Atom(TM) x5-Z8350  CPU @ 1.44GHz, 4 cores, 3G,  Windows 10 , 64 bit Build 17763 (10.0.17763.475)
Time: Sat Nov  9 19:22:46 2019 ¢¥eCN©öI¡¾©ö C¡ÍA¨ª¨öA elapsed time: 11 seconds (0d 0h 0m 11s)

---------------  T H R E A D  ---------------

Current thread (0x00000229d766b800):  JavaThread "C2 CompilerThread0" daemon [_thread_in_native, id=13716, stack(0x000000d003c00000,0x000000d003d00000)]


Current CompileTask:
C2:  11322 1152       4       java.util.HashMap::putVal (300 bytes)

Stack: [0x000000d003c00000,0x000000d003d00000]
Native frames: (J=compiled Java code, j=interpreted, Vv=VM code, C=native code)
V  [jvm.dll+0x63948a]
V  [jvm.dll+0x78b31f]
V  [jvm.dll+0x78c9c1]
V  [jvm.dll+0x78d013]
V  [jvm.dll+0x262138]
V  [jvm.dll+0xc582c]
V  [jvm.dll+0xc5dac]
V  [jvm.dll+0x379662]
V  [jvm.dll+0x345493]
V  [jvm.dll+0x34485a]
V  [jvm.dll+0x21c035]
V  [jvm.dll+0x21b20a]
V  [jvm.dll+0x199890]
V  [jvm.dll+0x22a534]
V  [jvm.dll+0x228b88]
V  [jvm.dll+0x74f660]
V  [jvm.dll+0x748648]
V  [jvm.dll+0x638566]
C  [ucrtbase.dll+0x21ffa]
C  [KERNEL32.DLL+0x17974]
C  [ntdll.dll+0x6a271]


---------------  P R O C E S S  ---------------

Threads class SMR info:
_java_thread_list=0x00000229d837c100, length=11, elements={
0x00000229b98f2000, 0x00000229d764a000, 0x00000229d7654800, 0x00000229d7668800,
0x00000229d7669800, 0x00000229d766b800, 0x00000229d76dc000, 0x00000229d76e2800,
0x00000229d803d000, 0x00000229d804a800, 0x00000229d8383000
}

Java Threads: ( => current thread )
  0x00000229b98f2000 JavaThread "main" [_thread_in_vm, id=8760, stack(0x000000d003100000,0x000000d003200000)]
  0x00000229d764a000 JavaThread "Reference Handler" daemon [_thread_blocked, id=10528, stack(0x000000d003800000,0x000000d003900000)]
  0x00000229d7654800 JavaThread "Finalizer" daemon [_thread_blocked, id=14048, stack(0x000000d003900000,0x000000d003a00000)]
  0x00000229d7668800 JavaThread "Signal Dispatcher" daemon [_thread_blocked, id=9616, stack(0x000000d003a00000,0x000000d003b00000)]
  0x00000229d7669800 JavaThread "Attach Listener" daemon [_thread_blocked, id=14188, stack(0x000000d003b00000,0x000000d003c00000)]
=>0x00000229d766b800 JavaThread "C2 CompilerThread0" daemon [_thread_in_native, id=13716, stack(0x000000d003c00000,0x000000d003d00000)]
  0x00000229d76dc000 JavaThread "C1 CompilerThread0" daemon [_thread_in_native, id=13688, stack(0x000000d003d00000,0x000000d003e00000)]
  0x00000229d76e2800 JavaThread "Sweeper thread" daemon [_thread_blocked, id=9508, stack(0x000000d003e00000,0x000000d003f00000)]
  0x00000229d803d000 JavaThread "Service Thread" daemon [_thread_blocked, id=7764, stack(0x000000d003f00000,0x000000d004000000)]
  0x00000229d804a800 JavaThread "Common-Cleaner" daemon [_thread_blocked, id=13908, stack(0x000000d004100000,0x000000d004200000)]
  0x00000229d8383000 JavaThread "mysql-cj-abandoned-connection-cleanup" daemon [_thread_blocked, id=13752, stack(0x000000d004200000,0x000000d004300000)]

Other Threads:
  0x00000229d7644000 VMThread "VM Thread" [stack: 0x000000d003700000,0x000000d003800000] [id=13692]
  0x00000229d8049000 WatcherThread [stack: 0x000000d004000000,0x000000d004100000] [id=13544]
  0x00000229b991e800 GCTaskThread "GC Thread#0" [stack: 0x000000d003200000,0x000000d003300000] [id=13792]
  0x00000229d868a000 GCTaskThread "GC Thread#1" [stack: 0x000000d004300000,0x000000d004400000] [id=13952]
  0x00000229b9926800 ConcurrentGCThread "G1 Main Marker" [stack: 0x000000d003300000,0x000000d003400000] [id=13528]
  0x00000229b992b800 ConcurrentGCThread "G1 Conc#0" [stack: 0x000000d003400000,0x000000d003500000] [id=13800]
  0x00000229b9980000 ConcurrentGCThread "G1 Refine#0" [stack: 0x000000d003500000,0x000000d003600000] [id=13996]
  0x00000229b9983800 ConcurrentGCThread "G1 Young RemSet Sampling" [stack: 0x000000d003600000,0x000000d003700000] [id=13292]

Threads with active compile tasks:
C2 CompilerThread0  1152       4       java.util.HashMap::putVal (300 bytes)
C1 CompilerThread0  1201       3       sun.security.util.DerOutputStream::putLength (147 bytes)

VM state:not at safepoint (normal execution)

VM Mutex/Monitor currently owned by a thread: None

Heap address: 0x00000000c1200000, size: 1006 MB, Compressed Oops mode: 32-bit
Narrow klass base: 0x0000000800000000, Narrow klass shift: 3
Compressed class space size: 1073741824 Address: 0x00000008011a0000

Heap:
 garbage-first heap   total 65536K, used 15842K [0x00000000c1200000, 0x0000000100000000)
  region size 1024K, 16 young (16384K), 2 survivors (2048K)
 Metaspace       used 10260K, capacity 10466K, committed 10752K, reserved 1058816K
  class space    used 1119K, capacity 1213K, committed 1280K, reserved 1048576K
Heap Regions: E=young(eden), S=young(survivor), O=old, HS=humongous(starts), HC=humongous(continues), CS=collection set, F=free, A=archive, TAMS=top-at-mark-start (previous, next)
|   0|0x00000000c1200000, 0x00000000c1278800, 0x00000000c1300000| 47%| O|  |TAMS 0x00000000c1200000, 0x00000000c1200000| Untracked 
|   1|0x00000000c1300000, 0x00000000c1300000, 0x00000000c1400000|  0%| F|  |TAMS 0x00000000c1300000, 0x00000000c1300000| Untracked 
|   2|0x00000000c1400000, 0x00000000c1400000, 0x00000000c1500000|  0%| F|  |TAMS 0x00000000c1400000, 0x00000000c1400000| Untracked 
|   3|0x00000000c1500000, 0x00000000c1500000, 0x00000000c1600000|  0%| F|  |TAMS 0x00000000c1500000, 0x00000000c1500000| Untracked 
|   4|0x00000000c1600000, 0x00000000c1600000, 0x00000000c1700000|  0%| F|  |TAMS 0x00000000c1600000, 0x00000000c1600000| Untracked 
|   5|0x00000000c1700000, 0x00000000c1700000, 0x00000000c1800000|  0%| F|  |TAMS 0x00000000c1700000, 0x00000000c1700000| Untracked 
|   6|0x00000000c1800000, 0x00000000c1800000, 0x00000000c1900000|  0%| F|  |TAMS 0x00000000c1800000, 0x00000000c1800000| Untracked 
|   7|0x00000000c1900000, 0x00000000c1900000, 0x00000000c1a00000|  0%| F|  |TAMS 0x00000000c1900000, 0x00000000c1900000| Untracked 
|   8|0x00000000c1a00000, 0x00000000c1a00000, 0x00000000c1b00000|  0%| F|  |TAMS 0x00000000c1a00000, 0x00000000c1a00000| Untracked 
|   9|0x00000000c1b00000, 0x00000000c1b00000, 0x00000000c1c00000|  0%| F|  |TAMS 0x00000000c1b00000, 0x00000000c1b00000| Untracked 
|  10|0x00000000c1c00000, 0x00000000c1c00000, 0x00000000c1d00000|  0%| F|  |TAMS 0x00000000c1c00000, 0x00000000c1c00000| Untracked 
|  11|0x00000000c1d00000, 0x00000000c1d00000, 0x00000000c1e00000|  0%| F|  |TAMS 0x00000000c1d00000, 0x00000000c1d00000| Untracked 
|  12|0x00000000c1e00000, 0x00000000c1e00000, 0x00000000c1f00000|  0%| F|  |TAMS 0x00000000c1e00000, 0x00000000c1e00000| Untracked 
|  13|0x00000000c1f00000, 0x00000000c1f00000, 0x00000000c2000000|  0%| F|  |TAMS 0x00000000c1f00000, 0x00000000c1f00000| Untracked 
|  14|0x00000000c2000000, 0x00000000c2000000, 0x00000000c2100000|  0%| F|  |TAMS 0x00000000c2000000, 0x00000000c2000000| Untracked 
|  15|0x00000000c2100000, 0x00000000c2100000, 0x00000000c2200000|  0%| F|  |TAMS 0x00000000c2100000, 0x00000000c2100000| Untracked 
|  16|0x00000000c2200000, 0x00000000c2200000, 0x00000000c2300000|  0%| F|  |TAMS 0x00000000c2200000, 0x00000000c2200000| Untracked 
|  17|0x00000000c2300000, 0x00000000c2300000, 0x00000000c2400000|  0%| F|  |TAMS 0x00000000c2300000, 0x00000000c2300000| Untracked 
|  18|0x00000000c2400000, 0x00000000c2400000, 0x00000000c2500000|  0%| F|  |TAMS 0x00000000c2400000, 0x00000000c2400000| Untracked 
|  19|0x00000000c2500000, 0x00000000c2500000, 0x00000000c2600000|  0%| F|  |TAMS 0x00000000c2500000, 0x00000000c2500000| Untracked 
|  20|0x00000000c2600000, 0x00000000c2600000, 0x00000000c2700000|  0%| F|  |TAMS 0x00000000c2600000, 0x00000000c2600000| Untracked 
|  21|0x00000000c2700000, 0x00000000c2700000, 0x00000000c2800000|  0%| F|  |TAMS 0x00000000c2700000, 0x00000000c2700000| Untracked 
|  22|0x00000000c2800000, 0x00000000c2800000, 0x00000000c2900000|  0%| F|  |TAMS 0x00000000c2800000, 0x00000000c2800000| Untracked 
|  23|0x00000000c2900000, 0x00000000c2900000, 0x00000000c2a00000|  0%| F|  |TAMS 0x00000000c2900000, 0x00000000c2900000| Untracked 
|  24|0x00000000c2a00000, 0x00000000c2a00000, 0x00000000c2b00000|  0%| F|  |TAMS 0x00000000c2a00000, 0x00000000c2a00000| Untracked 
|  25|0x00000000c2b00000, 0x00000000c2b00000, 0x00000000c2c00000|  0%| F|  |TAMS 0x00000000c2b00000, 0x00000000c2b00000| Untracked 
|  26|0x00000000c2c00000, 0x00000000c2c00000, 0x00000000c2d00000|  0%| F|  |TAMS 0x00000000c2c00000, 0x00000000c2c00000| Untracked 
|  27|0x00000000c2d00000, 0x00000000c2d00000, 0x00000000c2e00000|  0%| F|  |TAMS 0x00000000c2d00000, 0x00000000c2d00000| Untracked 
|  28|0x00000000c2e00000, 0x00000000c2e00000, 0x00000000c2f00000|  0%| F|  |TAMS 0x00000000c2e00000, 0x00000000c2e00000| Untracked 
|  29|0x00000000c2f00000, 0x00000000c2f00000, 0x00000000c3000000|  0%| F|  |TAMS 0x00000000c2f00000, 0x00000000c2f00000| Untracked 
|  30|0x00000000c3000000, 0x00000000c3000000, 0x00000000c3100000|  0%| F|  |TAMS 0x00000000c3000000, 0x00000000c3000000| Untracked 
|  31|0x00000000c3100000, 0x00000000c3100000, 0x00000000c3200000|  0%| F|  |TAMS 0x00000000c3100000, 0x00000000c3100000| Untracked 
|  32|0x00000000c3200000, 0x00000000c3200000, 0x00000000c3300000|  0%| F|  |TAMS 0x00000000c3200000, 0x00000000c3200000| Untracked 
|  33|0x00000000c3300000, 0x00000000c3300000, 0x00000000c3400000|  0%| F|  |TAMS 0x00000000c3300000, 0x00000000c3300000| Untracked 
|  34|0x00000000c3400000, 0x00000000c3400000, 0x00000000c3500000|  0%| F|  |TAMS 0x00000000c3400000, 0x00000000c3400000| Untracked 
|  35|0x00000000c3500000, 0x00000000c3500000, 0x00000000c3600000|  0%| F|  |TAMS 0x00000000c3500000, 0x00000000c3500000| Untracked 
|  36|0x00000000c3600000, 0x00000000c3600000, 0x00000000c3700000|  0%| F|  |TAMS 0x00000000c3600000, 0x00000000c3600000| Untracked 
|  37|0x00000000c3700000, 0x00000000c3700000, 0x00000000c3800000|  0%| F|  |TAMS 0x00000000c3700000, 0x00000000c3700000| Untracked 
|  38|0x00000000c3800000, 0x00000000c3800000, 0x00000000c3900000|  0%| F|  |TAMS 0x00000000c3800000, 0x00000000c3800000| Untracked 
|  39|0x00000000c3900000, 0x00000000c3900000, 0x00000000c3a00000|  0%| F|  |TAMS 0x00000000c3900000, 0x00000000c3900000| Untracked 
|  40|0x00000000c3a00000, 0x00000000c3a00000, 0x00000000c3b00000|  0%| F|  |TAMS 0x00000000c3a00000, 0x00000000c3a00000| Untracked 
|  41|0x00000000c3b00000, 0x00000000c3b00000, 0x00000000c3c00000|  0%| F|  |TAMS 0x00000000c3b00000, 0x00000000c3b00000| Untracked 
|  42|0x00000000c3c00000, 0x00000000c3c00000, 0x00000000c3d00000|  0%| F|  |TAMS 0x00000000c3c00000, 0x00000000c3c00000| Untracked 
|  43|0x00000000c3d00000, 0x00000000c3d00000, 0x00000000c3e00000|  0%| F|  |TAMS 0x00000000c3d00000, 0x00000000c3d00000| Untracked 
|  44|0x00000000c3e00000, 0x00000000c3e00000, 0x00000000c3f00000|  0%| F|  |TAMS 0x00000000c3e00000, 0x00000000c3e00000| Untracked 
|  45|0x00000000c3f00000, 0x00000000c3f00000, 0x00000000c4000000|  0%| F|  |TAMS 0x00000000c3f00000, 0x00000000c3f00000| Untracked 
|  46|0x00000000c4000000, 0x00000000c4000000, 0x00000000c4100000|  0%| F|  |TAMS 0x00000000c4000000, 0x00000000c4000000| Untracked 
|  47|0x00000000c4100000, 0x00000000c4180800, 0x00000000c4200000| 50%| E|  |TAMS 0x00000000c4100000, 0x00000000c4100000| Complete 
|  48|0x00000000c4200000, 0x00000000c4300000, 0x00000000c4300000|100%| S|CS|TAMS 0x00000000c4200000, 0x00000000c4200000| Complete 
|  49|0x00000000c4300000, 0x00000000c4400000, 0x00000000c4400000|100%| S|CS|TAMS 0x00000000c4300000, 0x00000000c4300000| Complete 
|  50|0x00000000c4400000, 0x00000000c4500000, 0x00000000c4500000|100%| E|CS|TAMS 0x00000000c4400000, 0x00000000c4400000| Complete 
|  51|0x00000000c4500000, 0x00000000c4600000, 0x00000000c4600000|100%| E|CS|TAMS 0x00000000c4500000, 0x00000000c4500000| Complete 
|  52|0x00000000c4600000, 0x00000000c4700000, 0x00000000c4700000|100%| E|CS|TAMS 0x00000000c4600000, 0x00000000c4600000| Complete 
|  53|0x00000000c4700000, 0x00000000c4800000, 0x00000000c4800000|100%| E|CS|TAMS 0x00000000c4700000, 0x00000000c4700000| Complete 
|  54|0x00000000c4800000, 0x00000000c4900000, 0x00000000c4900000|100%| E|CS|TAMS 0x00000000c4800000, 0x00000000c4800000| Complete 
|  55|0x00000000c4900000, 0x00000000c4a00000, 0x00000000c4a00000|100%| E|CS|TAMS 0x00000000c4900000, 0x00000000c4900000| Complete 
|  56|0x00000000c4a00000, 0x00000000c4b00000, 0x00000000c4b00000|100%| E|CS|TAMS 0x00000000c4a00000, 0x00000000c4a00000| Complete 
|  57|0x00000000c4b00000, 0x00000000c4c00000, 0x00000000c4c00000|100%| E|CS|TAMS 0x00000000c4b00000, 0x00000000c4b00000| Complete 
|  58|0x00000000c4c00000, 0x00000000c4d00000, 0x00000000c4d00000|100%| E|CS|TAMS 0x00000000c4c00000, 0x00000000c4c00000| Complete 
|  59|0x00000000c4d00000, 0x00000000c4e00000, 0x00000000c4e00000|100%| E|CS|TAMS 0x00000000c4d00000, 0x00000000c4d00000| Complete 
|  60|0x00000000c4e00000, 0x00000000c4f00000, 0x00000000c4f00000|100%| E|CS|TAMS 0x00000000c4e00000, 0x00000000c4e00000| Complete 
|  61|0x00000000c4f00000, 0x00000000c5000000, 0x00000000c5000000|100%| E|CS|TAMS 0x00000000c4f00000, 0x00000000c4f00000| Complete 
|  62|0x00000000c5000000, 0x00000000c5100000, 0x00000000c5100000|100%| E|CS|TAMS 0x00000000c5000000, 0x00000000c5000000| Complete 
|  63|0x00000000c5100000, 0x00000000c5200000, 0x00000000c5200000|100%| E|CS|TAMS 0x00000000c5100000, 0x00000000c5100000| Complete 

Card table byte_map: [0x00000229d2d40000,0x00000229d2f40000] _byte_map_base: 0x00000229d2737000

Marking Bits (Prev, Next): (CMBitMap*) 0x00000229b991f9c8, (CMBitMap*) 0x00000229b991fa08
 Prev Bits: [0x00000229d3140000, 0x00000229d40f8000)
 Next Bits: [0x00000229d4100000, 0x00000229d50b8000)

Polling page: 0x00000229b9730000

Metaspace:

Usage:
  Non-class:      9.10 MB capacity,     8.95 MB ( 98%) used,   134.43 KB (  1%) free+waste,    20.19 KB ( <1%) overhead. 
      Class:      1.18 MB capacity,     1.10 MB ( 93%) used,    80.34 KB (  7%) free+waste,    10.44 KB ( <1%) overhead. 
       Both:     10.28 MB capacity,    10.04 MB ( 98%) used,   214.77 KB (  2%) free+waste,    30.63 KB ( <1%) overhead. 

Virtual space:
  Non-class space:       10.00 MB reserved,       9.25 MB ( 93%) committed 
      Class space:        1.00 GB reserved,       1.25 MB ( <1%) committed 
             Both:        1.01 GB reserved,      10.50 MB (  1%) committed 

Chunk freelists:
   Non-Class:  3.38 KB
       Class:  384 bytes
        Both:  3.75 KB

CodeHeap 'non-profiled nmethods': size=120064Kb used=329Kb max_used=329Kb free=119734Kb
 bounds [0x00000229cafe0000, 0x00000229cb250000, 0x00000229d2520000]
CodeHeap 'profiled nmethods': size=120000Kb used=2392Kb max_used=2392Kb free=117607Kb
 bounds [0x00000229c3ab0000, 0x00000229c3d20000, 0x00000229cafe0000]
CodeHeap 'non-nmethods': size=5696Kb used=1157Kb max_used=1168Kb free=4538Kb
 bounds [0x00000229c3520000, 0x00000229c3790000, 0x00000229c3ab0000]
 total_blobs=1895 nmethods=1207 adapters=394
 compilation: enabled
              stopped_count=0, restarted_count=0
 full_count=0

Compilation events (10 events):
Event: 11.289 Thread 0x00000229d76dc000 1149       3       java.lang.StringConcatHelper::mix (27 bytes)
Event: 11.291 Thread 0x00000229d76dc000 nmethod 1149 0x00000229c3cde690 code [0x00000229c3cde880, 0x00000229c3cded10]
Event: 11.291 Thread 0x00000229d76dc000 1150       3       java.util.Objects::checkFromIndexSize (8 bytes)
Event: 11.291 Thread 0x00000229d766b800 1152       4       java.util.HashMap::putVal (300 bytes)
Event: 11.292 Thread 0x00000229d76dc000 nmethod 1150 0x00000229c3cdef10 code [0x00000229c3cdf0e0, 0x00000229c3cdf350]
Event: 11.292 Thread 0x00000229d76dc000 1151       3       jdk.internal.util.Preconditions::checkFromIndexSize (25 bytes)
Event: 11.293 Thread 0x00000229d76dc000 nmethod 1151 0x00000229c3cdf490 code [0x00000229c3cdf6c0, 0x00000229c3cdff60]
Event: 11.308 Thread 0x00000229d76dc000 1154  s    3       java.io.ByteArrayInputStream::available (10 bytes)
Event: 11.308 Thread 0x00000229d76dc000 nmethod 1154 0x00000229c3ce0190 code [0x00000229c3ce0340, 0x00000229c3ce0658]
Event: 11.311 Thread 0x00000229d76dc000 1155       3       java.util.Arrays::hashCode (44 bytes)

GC Heap History (2 events):
Event: 3.697 GC heap before
{Heap before GC invocations=0 (full 0):
 garbage-first heap   total 65536K, used 13312K [0x00000000c1200000, 0x0000000100000000)
  region size 1024K, 14 young (14336K), 0 survivors (0K)
 Metaspace       used 5056K, capacity 5897K, committed 6144K, reserved 1056768K
  class space    used 586K, capacity 678K, committed 768K, reserved 1048576K
}
Event: 3.722 GC heap after
{Heap after GC invocations=1 (full 0):
 garbage-first heap   total 65536K, used 2530K [0x00000000c1200000, 0x0000000100000000)
  region size 1024K, 2 young (2048K), 2 survivors (2048K)
 Metaspace       used 5056K, capacity 5897K, committed 6144K, reserved 1056768K
  class space    used 586K, capacity 678K, committed 768K, reserved 1048576K
}

Deoptimization events (10 events):
Event: 4.538 Thread 0x00000229b98f2000 Uncommon trap: reason=unstable_if action=reinterpret pc=0x00000229cb018714 method=java.lang.String.indexOf(II)I @ 4 c2
Event: 10.106 Thread 0x00000229b98f2000 Uncommon trap: reason=bimorphic_or_optimized_type_check action=maybe_recompile pc=0x00000229cb01bff0 method=java.util.concurrent.ConcurrentHashMap.get(Ljava/lang/Object;)Ljava/lang/Object; @ 149 c2
Event: 10.647 Thread 0x00000229b98f2000 Uncommon trap: reason=unstable_if action=reinterpret pc=0x00000229cb01eb0c method=java.lang.String.<init>([CIILjava/lang/Void;)V @ 5 c2
Event: 11.219 Thread 0x00000229b98f2000 Uncommon trap: reason=bimorphic_or_optimized_type_check action=maybe_recompile pc=0x00000229cb01bff0 method=java.util.concurrent.ConcurrentHashMap.get(Ljava/lang/Object;)Ljava/lang/Object; @ 149 c2
Event: 11.219 Thread 0x00000229b98f2000 Uncommon trap: reason=bimorphic_or_optimized_type_check action=maybe_recompile pc=0x00000229cb01bff0 method=java.util.concurrent.ConcurrentHashMap.get(Ljava/lang/Object;)Ljava/lang/Object; @ 149 c2
Event: 11.223 Thread 0x00000229b98f2000 Uncommon trap: reason=bimorphic_or_optimized_type_check action=maybe_recompile pc=0x00000229cb01bff0 method=java.util.concurrent.ConcurrentHashMap.get(Ljava/lang/Object;)Ljava/lang/Object; @ 149 c2
Event: 11.271 Thread 0x00000229b98f2000 Uncommon trap: reason=bimorphic_or_optimized_type_check action=maybe_recompile pc=0x00000229cb01a1e4 method=java.util.HashMap.putVal(ILjava/lang/Object;Ljava/lang/Object;ZZ)Ljava/lang/Object; @ 91 c2
Event: 11.271 Thread 0x00000229b98f2000 Uncommon trap: reason=bimorphic_or_optimized_type_check action=maybe_recompile pc=0x00000229cb01a1e4 method=java.util.HashMap.putVal(ILjava/lang/Object;Ljava/lang/Object;ZZ)Ljava/lang/Object; @ 91 c2
Event: 11.271 Thread 0x00000229b98f2000 Uncommon trap: reason=bimorphic_or_optimized_type_check action=maybe_recompile pc=0x00000229cb01a1e4 method=java.util.HashMap.putVal(ILjava/lang/Object;Ljava/lang/Object;ZZ)Ljava/lang/Object; @ 91 c2
Event: 11.271 Thread 0x00000229b98f2000 Uncommon trap: reason=bimorphic_or_optimized_type_check action=maybe_recompile pc=0x00000229cb01a1e4 method=java.util.HashMap.putVal(ILjava/lang/Object;Ljava/lang/Object;ZZ)Ljava/lang/Object; @ 91 c2

Classes redefined (0 events):
No events

Internal exceptions (10 events):
Event: 3.375 Thread 0x00000229b98f2000 Exception <a 'java/lang/NoClassDefFoundError'{0x00000000c474da88}: org/slf4j/LoggerFactory> (0x00000000c474da88) thrown at [t:/workspace/open/src/hotspot/share/classfile/systemDictionary.cpp, line 224]
Event: 3.376 Thread 0x00000229b98f2000 Exception <a 'java/lang/reflect/InvocationTargetException'{0x00000000c474ddd8}> (0x00000000c474ddd8) thrown at [t:/workspace/open/src/hotspot/share/runtime/reflection.cpp, line 1183]
Event: 3.380 Thread 0x00000229b98f2000 Exception <a 'java/lang/NoClassDefFoundError'{0x00000000c4751330}: org/apache/commons/logging/LogFactory> (0x00000000c4751330) thrown at [t:/workspace/open/src/hotspot/share/classfile/systemDictionary.cpp, line 224]
Event: 3.380 Thread 0x00000229b98f2000 Exception <a 'java/lang/reflect/InvocationTargetException'{0x00000000c4751600}> (0x00000000c4751600) thrown at [t:/workspace/open/src/hotspot/share/runtime/reflection.cpp, line 1183]
Event: 3.387 Thread 0x00000229b98f2000 Exception <a 'java/lang/NoClassDefFoundError'{0x00000000c4754a78}: org/apache/logging/log4j/LogManager> (0x00000000c4754a78) thrown at [t:/workspace/open/src/hotspot/share/classfile/systemDictionary.cpp, line 224]
Event: 3.387 Thread 0x00000229b98f2000 Exception <a 'java/lang/reflect/InvocationTargetException'{0x00000000c4754d48}> (0x00000000c4754d48) thrown at [t:/workspace/open/src/hotspot/share/runtime/reflection.cpp, line 1183]
Event: 3.391 Thread 0x00000229b98f2000 Exception <a 'java/lang/NoClassDefFoundError'{0x00000000c4757f08}: org/apache/log4j/Priority> (0x00000000c4757f08) thrown at [t:/workspace/open/src/hotspot/share/classfile/systemDictionary.cpp, line 224]
Event: 3.593 Thread 0x00000229b98f2000 Implicit null exception at 0x00000229cb009307 to 0x00000229cb0097d2
Event: 4.463 Thread 0x00000229b98f2000 Exception <a 'java/lang/NoSuchMethodError'{0x00000000c4d63a38}: java.lang.invoke.DirectMethodHandle$Holder.invokeSpecialIFC(Ljava/lang/Object;Ljava/lang/Object;I)I> (0x00000000c4d63a38) thrown at [t:/workspace/open/src/hotspot/share/interpreter/linkResolv
Event: 10.228 Thread 0x00000229b98f2000 Exception <a 'java/lang/NoSuchMethodError'{0x00000000c4b7c950}: java.lang.invoke.DirectMethodHandle$Holder.invokeVirtual(Ljava/lang/Object;Ljava/lang/Object;Ljava/lang/Object;)Ljava/lang/Object;> (0x00000000c4b7c950) thrown at [t:/workspace/open/src/hotsp

Events (10 events):
Event: 11.305 loading class sun/security/x509/OIDMap$OIDInfo
Event: 11.305 loading class sun/security/x509/OIDMap$OIDInfo done
Event: 11.306 loading class sun/security/x509/BasicConstraintsExtension
Event: 11.307 loading class sun/security/x509/BasicConstraintsExtension done
Event: 11.308 loading class sun/security/x509/KeyUsageExtension
Event: 11.308 loading class sun/security/x509/KeyUsageExtension done
Event: 11.309 loading class sun/security/x509/SubjectKeyIdentifierExtension
Event: 11.310 loading class sun/security/x509/SubjectKeyIdentifierExtension done
Event: 11.310 loading class sun/security/x509/KeyIdentifier
Event: 11.310 loading class sun/security/x509/KeyIdentifier done


Dynamic libraries:
0x00007ff7a2cb0000 - 0x00007ff7a2cbf000 	C:\Program Files\Java\jdk-12.0.1\bin\javaw.exe
0x00007ffa70d70000 - 0x00007ffa70f5d000 	C:\Windows\SYSTEM32\ntdll.dll
0x00007ffa707d0000 - 0x00007ffa70883000 	C:\Windows\System32\KERNEL32.DLL
0x00007ffa6d360000 - 0x00007ffa6d5f3000 	C:\Windows\System32\KERNELBASE.dll
0x00007ffa6abf0000 - 0x00007ffa6ac7c000 	C:\Windows\SYSTEM32\apphelp.dll
0x00007ffa6d080000 - 0x00007ffa6d17a000 	C:\Windows\System32\ucrtbase.dll
0x00007ffa65b40000 - 0x00007ffa65b58000 	C:\Program Files\Java\jdk-12.0.1\bin\jli.dll
0x00007ffa6fad0000 - 0x00007ffa6fb73000 	C:\Windows\System32\ADVAPI32.dll
0x00007ffa6fe80000 - 0x00007ffa6ff1e000 	C:\Windows\System32\msvcrt.dll
0x00007ffa70a20000 - 0x00007ffa70abe000 	C:\Windows\System32\sechost.dll
0x00007ffa70160000 - 0x00007ffa70282000 	C:\Windows\System32\RPCRT4.dll
0x00007ffa6f4f0000 - 0x00007ffa6f687000 	C:\Windows\System32\USER32.dll
0x00007ffa6ce30000 - 0x00007ffa6ce50000 	C:\Windows\System32\win32u.dll
0x00007ffa6fba0000 - 0x00007ffa6fbc9000 	C:\Windows\System32\GDI32.dll
0x00007ffa6cee0000 - 0x00007ffa6d079000 	C:\Windows\System32\gdi32full.dll
0x00007ffa6def0000 - 0x00007ffa6df90000 	C:\Windows\System32\msvcp_win.dll
0x00007ffa642a0000 - 0x00007ffa642b6000 	C:\Program Files\Java\jdk-12.0.1\bin\VCRUNTIME140.dll
0x00007ffa5d950000 - 0x00007ffa5dbc9000 	C:\Windows\WinSxS\amd64_microsoft.windows.common-controls_6595b64144ccf1df_6.0.17763.802_none_05b1445c0722d2cc\COMCTL32.dll
0x00007ffa6f740000 - 0x00007ffa6fa6c000 	C:\Windows\System32\combase.dll
0x00007ffa6dda0000 - 0x00007ffa6de1e000 	C:\Windows\System32\bcryptPrimitives.dll
0x00007ffa5e230000 - 0x00007ffa5e23a000 	C:\Windows\SYSTEM32\VERSION.dll
0x00007ffa707a0000 - 0x00007ffa707ce000 	C:\Windows\System32\IMM32.DLL
0x00007ffa5fed0000 - 0x00007ffa5ff7a000 	C:\Program Files\Java\jdk-12.0.1\bin\msvcp140.dll
0x00007ffa59960000 - 0x00007ffa5a4d4000 	C:\Program Files\Java\jdk-12.0.1\bin\server\jvm.dll
0x00007ffa6fe70000 - 0x00007ffa6fe78000 	C:\Windows\System32\PSAPI.DLL
0x00007ffa6a9d0000 - 0x00007ffa6a9f4000 	C:\Windows\SYSTEM32\WINMM.dll
0x00007ffa6bba0000 - 0x00007ffa6bba9000 	C:\Windows\SYSTEM32\WSOCK32.dll
0x00007ffa70890000 - 0x00007ffa708fd000 	C:\Windows\System32\WS2_32.dll
0x00007ffa6a9a0000 - 0x00007ffa6a9cd000 	C:\Windows\SYSTEM32\WINMMBASE.dll
0x00007ffa6d600000 - 0x00007ffa6d64a000 	C:\Windows\System32\cfgmgr32.dll
0x00007ffa6ce10000 - 0x00007ffa6ce21000 	C:\Windows\System32\kernel.appcore.dll
0x00007ffa65bd0000 - 0x00007ffa65be1000 	C:\Program Files\Java\jdk-12.0.1\bin\verify.dll
0x00007ffa6b720000 - 0x00007ffa6b90d000 	C:\Windows\SYSTEM32\DBGHELP.DLL
0x00007ffa62300000 - 0x00007ffa6232a000 	C:\Windows\SYSTEM32\dbgcore.DLL
0x00007ffa65ba0000 - 0x00007ffa65bc6000 	C:\Program Files\Java\jdk-12.0.1\bin\java.dll
0x00007ffa64f70000 - 0x00007ffa64f87000 	C:\Program Files\Java\jdk-12.0.1\bin\zip.dll
0x00007ffa64f20000 - 0x00007ffa64f2a000 	C:\Program Files\Java\jdk-12.0.1\bin\jimage.dll
0x00007ffa6dff0000 - 0x00007ffa6f4e4000 	C:\Windows\System32\SHELL32.dll
0x00007ffa6f690000 - 0x00007ffa6f738000 	C:\Windows\System32\shcore.dll
0x00007ffa6d650000 - 0x00007ffa6dd9d000 	C:\Windows\System32\windows.storage.dll
0x00007ffa6cd60000 - 0x00007ffa6cd84000 	C:\Windows\System32\profapi.dll
0x00007ffa6cdb0000 - 0x00007ffa6ce0d000 	C:\Windows\System32\powrprof.dll
0x00007ffa70900000 - 0x00007ffa70952000 	C:\Windows\System32\shlwapi.dll
0x00007ffa6de20000 - 0x00007ffa6de37000 	C:\Windows\System32\cryptsp.dll
0x00007ffa64f00000 - 0x00007ffa64f19000 	C:\Program Files\Java\jdk-12.0.1\bin\net.dll
0x00007ffa68900000 - 0x00007ffa689f2000 	C:\Windows\SYSTEM32\WINHTTP.dll
0x00007ffa61aa0000 - 0x00007ffa61c77000 	C:\Windows\SYSTEM32\urlmon.dll
0x00007ffa61fe0000 - 0x00007ffa62288000 	C:\Windows\SYSTEM32\iertutil.dll
0x00007ffa6c740000 - 0x00007ffa6c74c000 	C:\Windows\SYSTEM32\CRYPTBASE.DLL
0x00007ffa6c570000 - 0x00007ffa6c5d7000 	C:\Windows\system32\mswsock.dll
0x00007ffa64ee0000 - 0x00007ffa64ef3000 	C:\Program Files\Java\jdk-12.0.1\bin\nio.dll
0x00007ffa6c2d0000 - 0x00007ffa6c396000 	C:\Windows\SYSTEM32\DNSAPI.dll
0x00007ffa70960000 - 0x00007ffa70968000 	C:\Windows\System32\NSI.dll
0x00007ffa6c290000 - 0x00007ffa6c2cd000 	C:\Windows\SYSTEM32\IPHLPAPI.DLL
0x00007ffa60a00000 - 0x00007ffa60a0a000 	C:\Windows\System32\rasadhlp.dll
0x00007ffa5f9b0000 - 0x00007ffa5fa29000 	C:\Windows\System32\fwpuclnt.dll
0x00007ffa6ce50000 - 0x00007ffa6ce76000 	C:\Windows\System32\bcrypt.dll
0x00007ffa64da0000 - 0x00007ffa64dc7000 	C:\Program Files\Java\jdk-12.0.1\bin\sunec.dll

dbghelp: loaded successfully - version: 4.0.5 - missing functions: none
symbol engine: initialized successfully - sym options: 0x614 - pdb path: .;C:\Program Files\Java\jdk-12.0.1\bin;C:\Windows\SYSTEM32;C:\Windows\WinSxS\amd64_microsoft.windows.common-controls_6595b64144ccf1df_6.0.17763.802_none_05b1445c0722d2cc;C:\Program Files\Java\jdk-12.0.1\bin\server

VM Arguments:
jvm_args: -Dfile.encoding=UTF-8 
java_command: com.biz.cbt.exec.Main
java_class_path (initial): C:\study_java\Java_TS_001_CBT\target\classes;C:\jarPack\mybatis-3.5.3.jar;C:\jarPack\mysql-connector-java-8.0.18.jar;C:\jarPack\lombok.jar;C:\Users\JGM\.m2\repository\org\projectlombok\lombok\1.18.10\lombok-1.18.10.jar;C:\Users\JGM\.m2\repository\org\mybatis\mybatis\3.5.3\mybatis-3.5.3.jar;C:\Users\JGM\.m2\repository\mysql\mysql-connector-java\8.0.18\mysql-connector-java-8.0.18.jar;C:\Users\JGM\.m2\repository\com\google\protobuf\protobuf-java\3.6.1\protobuf-java-3.6.1.jar
Launcher Type: SUN_STANDARD

[Global flags]
     intx CICompilerCount                          = 3                                         {product} {ergonomic}
     uint ConcGCThreads                            = 1                                         {product} {ergonomic}
     uint G1ConcRefinementThreads                  = 4                                         {product} {ergonomic}
   size_t G1HeapRegionSize                         = 1048576                                   {product} {ergonomic}
    uintx GCDrainStackTargetSize                   = 64                                        {product} {ergonomic}
   size_t InitialHeapSize                          = 67108864                                  {product} {ergonomic}
   size_t MarkStackSize                            = 4194304                                   {product} {ergonomic}
   size_t MaxHeapSize                              = 1054867456                                {product} {ergonomic}
   size_t MaxNewSize                               = 632291328                                 {product} {ergonomic}
   size_t MinHeapDeltaBytes                        = 1048576                                   {product} {ergonomic}
    uintx NonNMethodCodeHeapSize                   = 5830732                                {pd product} {ergonomic}
    uintx NonProfiledCodeHeapSize                  = 122913754                              {pd product} {ergonomic}
    uintx ProfiledCodeHeapSize                     = 122913754                              {pd product} {ergonomic}
    uintx ReservedCodeCacheSize                    = 251658240                              {pd product} {ergonomic}
     bool SegmentedCodeCache                       = true                                      {product} {ergonomic}
     bool UseCompressedClassPointers               = true                                 {lp64_product} {ergonomic}
     bool UseCompressedOops                        = true                                 {lp64_product} {ergonomic}
     bool UseG1GC                                  = true                                      {product} {ergonomic}
     bool UseLargePagesIndividualAllocation        = false                                  {pd product} {ergonomic}

Logging:
Log output configuration:
 #0: stdout all=warning uptime,level,tags
 #1: stderr all=off uptime,level,tags

Environment Variables:
JAVA_HOME=C:\Program Files\Java\jdk-12.0.1
CLASSPATH=.;C:\Program Files\Java\jdk-12.0.1\lib
PATH=C:/Program Files/Java/jdk-12.0.1/bin/server;C:/Program Files/Java/jdk-12.0.1/bin;%path%;C:\Program Files\Java\jdk-12.0.1\bin;C:\Windows\system32;C:\Windows;C:\Program Files\MySQL\MySQL Utilities 1.6;C:\Program Files\MySQL\MySQL Server 8.0\bin;C:\devtool\apache-maven-3.6.2-bin\apache-maven-3.6.2\bin;C:\devtool\gradle-5.6.2-bin\gradle-5.6.2\bin;C:\Program Files\Git\cmd;C:\devtool\apache-maven-3.6.2-bin\apache-maven-3.6.2\;C:\Program Files\Java\jdk-12.0.1\bin;C:\Windows\system32;C:\Windows;C:\Program Files\MySQL\MySQL Utilities 1.6;C:\Program Files\MySQL\MySQL Server 8.0\bin;C:\devtool\apache-maven-3.6.2-bin\apache-maven-3.6.2\bin;C:\devtool\gradle-5.6.2-bin\gradle-5.6.2\bin;C:\Program Files\Git\cmd;C:\devtool\apache-maven-3.6.2-bin\apache-maven-3.6.2\;C:\Users\JGM\Desktop;
USERNAME=JGM
OS=Windows_NT
PROCESSOR_IDENTIFIER=Intel64 Family 6 Model 76 Stepping 4, GenuineIntel



---------------  S Y S T E M  ---------------

OS: Windows 10 , 64 bit Build 17763 (10.0.17763.475)

CPU:total 4 (initial active 4) (4 cores per cpu, 1 threads per core) family 6 model 76 stepping 4, cmov, cx8, fxsr, mmx, sse, sse2, sse3, ssse3, sse4.1, sse4.2, popcnt, aes, clmul, erms, 3dnowpref, tsc, tscinvbit

Memory: 4k page, system-wide physical 4020M (283M free)
TotalPageFile size 11293M (AvailPageFile size 2M)
current process WorkingSet (physical memory assigned to process): 71M, peak: 71M
current process commit charge ("private bytes"): 144M, peak: 144M

vm_info: Java HotSpot(TM) 64-Bit Server VM (12.0.1+12) for windows-amd64 JRE (12.0.1+12), built on Apr  2 2019 14:02:19 by "mach5one" with MS VC++ 15.5 (VS2017)

END.
