#
# There is insufficient memory for the Java Runtime Environment to continue.
# Native memory allocation (malloc) failed to allocate 808 bytes for AllocateHeap
# Possible reasons:
#   The system is out of physical RAM or swap space
#   The process is running with CompressedOops enabled, and the Java Heap may be blocking the growth of the native heap
# Possible solutions:
#   Reduce memory load on the system
#   Increase physical memory or swap space
#   Check if swap backing store is full
#   Decrease Java heap size (-Xmx/-Xms)
#   Decrease number of Java threads
#   Decrease Java thread stack sizes (-Xss)
#   Set larger code cache with -XX:ReservedCodeCacheSize=
#   JVM is running with Unscaled Compressed Oops mode in which the Java heap is
#     placed in the first 4GB address space. The Java Heap base address is the
#     maximum limit for the native heap growth. Please use -XX:HeapBaseMinAddress
#     to set the Java Heap base and to place the Java Heap above 4GB virtual address.
# This output file may be truncated or incomplete.
#
#  Out of Memory Error (t:/workspace/open/src/hotspot/share/memory/allocation.cpp:46), pid=14324, tid=13248
#
# JRE version: Java(TM) SE Runtime Environment (12.0.1+12) (build 12.0.1+12)
# Java VM: Java HotSpot(TM) 64-Bit Server VM (12.0.1+12, mixed mode, sharing, tiered, compressed oops, g1 gc, windows-amd64)
# No core dump will be written. Minidumps are not enabled by default on client versions of Windows
#

---------------  S U M M A R Y ------------

Command Line: -Dfile.encoding=UTF-8 com.biz.cbt.exec.Main

Host: Intel(R) Atom(TM) x5-Z8350  CPU @ 1.44GHz, 4 cores, 3G,  Windows 10 , 64 bit Build 17763 (10.0.17763.475)
Time: Sat Nov  9 19:22:10 2019 ¢¥eCN©öI¡¾©ö C¡ÍA¨ª¨öA elapsed time: 0 seconds (0d 0h 0m 0s)

---------------  T H R E A D  ---------------

Current thread (0x0000024b58a85800):  JavaThread "main" [_thread_in_vm, id=13248, stack(0x000000aec8c00000,0x000000aec8d00000)]

Stack: [0x000000aec8c00000,0x000000aec8d00000]
Native frames: (J=compiled Java code, j=interpreted, Vv=VM code, C=native code)
V  [jvm.dll+0x63948a]
V  [jvm.dll+0x78b31f]
V  [jvm.dll+0x78c9c1]
V  [jvm.dll+0x78d013]
V  [jvm.dll+0x262138]
V  [jvm.dll+0xbcd7f]
V  [jvm.dll+0x602d67]
V  [jvm.dll+0x60460a]
V  [jvm.dll+0x417e3f]
C  0x0000024b60e8ef22

Java frames: (J=compiled Java code, j=interpreted, Vv=VM code)
j  java.lang.Module.addReads0(Ljava/lang/Module;Ljava/lang/Module;)V+0 java.base@12.0.1
j  java.lang.Module.defineModules(Ljava/lang/module/Configuration;Ljava/util/function/Function;Ljava/lang/ModuleLayer;)Ljava/util/Map;+619 java.base@12.0.1
j  java.lang.ModuleLayer.<init>(Ljava/lang/module/Configuration;Ljava/util/List;Ljava/util/function/Function;)V+34 java.base@12.0.1
j  java.lang.ModuleLayer.defineModules(Ljava/lang/module/Configuration;Ljava/util/List;Ljava/util/function/Function;)Ljava/lang/ModuleLayer$Controller;+40 java.base@12.0.1
j  java.lang.ModuleLayer.defineModules(Ljava/lang/module/Configuration;Ljava/util/function/Function;)Ljava/lang/ModuleLayer;+6 java.base@12.0.1
j  jdk.internal.module.ModuleBootstrap.boot()Ljava/lang/ModuleLayer;+1224 java.base@12.0.1
j  java.lang.System.initPhase2(ZZ)I+0 java.base@12.0.1
v  ~StubRoutines::call_stub

---------------  P R O C E S S  ---------------

Threads class SMR info:
_java_thread_list=0x0000024b748a9a30, length=8, elements={
0x0000024b58a85800, 0x0000024b7488d000, 0x0000024b74897000, 0x0000024b748ab000,
0x0000024b748ac000, 0x0000024b748ae000, 0x0000024b748c1800, 0x0000024b7492c000
}

Java Threads: ( => current thread )
=>0x0000024b58a85800 JavaThread "main" [_thread_in_vm, id=13248, stack(0x000000aec8c00000,0x000000aec8d00000)]
  0x0000024b7488d000 JavaThread "Reference Handler" daemon [_thread_blocked, id=14144, stack(0x000000aec9300000,0x000000aec9400000)]
  0x0000024b74897000 JavaThread "Finalizer" daemon [_thread_blocked, id=12424, stack(0x000000aec9400000,0x000000aec9500000)]
  0x0000024b748ab000 JavaThread "Signal Dispatcher" daemon [_thread_blocked, id=12516, stack(0x000000aec9500000,0x000000aec9600000)]
  0x0000024b748ac000 JavaThread "Attach Listener" daemon [_thread_blocked, id=13860, stack(0x000000aec9600000,0x000000aec9700000)]
  0x0000024b748ae000 JavaThread "C2 CompilerThread0" daemon [_thread_blocked, id=12820, stack(0x000000aec9700000,0x000000aec9800000)]
  0x0000024b748c1800 JavaThread "C1 CompilerThread0" daemon [_thread_blocked, id=3888, stack(0x000000aec9800000,0x000000aec9900000)]
  0x0000024b7492c000 JavaThread "Sweeper thread" daemon [_thread_blocked, id=13224, stack(0x000000aec9900000,0x000000aec9a00000)]

Other Threads:
  0x0000024b74888000 VMThread "VM Thread" [stack: 0x000000aec9200000,0x000000aec9300000] [id=14092]
  0x0000024b58ab1800 GCTaskThread "GC Thread#0" [stack: 0x000000aec8d00000,0x000000aec8e00000] [id=5320]
  0x0000024b58abc000 ConcurrentGCThread "G1 Main Marker" [stack: 0x000000aec8e00000,0x000000aec8f00000] [id=11868]
  0x0000024b58ac0000 ConcurrentGCThread "G1 Conc#0" [stack: 0x000000aec8f00000,0x000000aec9000000] [id=13644]
  0x0000024b58b16000 ConcurrentGCThread "G1 Refine#0" [stack: 0x000000aec9000000,0x000000aec9100000] [id=13728]
  0x0000024b58b18000 ConcurrentGCThread "G1 Young RemSet Sampling" [stack: 0x000000aec9100000,0x000000aec9200000] [id=9940]

Threads with active compile tasks:

VM state:not at safepoint (normal execution)

VM Mutex/Monitor currently owned by a thread:  ([mutex/lock_event])
[0x0000024b58a82ef0] Module_lock - owner thread: 0x0000024b58a85800

Heap address: 0x00000000c1200000, size: 1006 MB, Compressed Oops mode: 32-bit
Narrow klass base: 0x0000000800000000, Narrow klass shift: 3
Compressed class space size: 1073741824 Address: 0x00000008011a0000

Heap:
 garbage-first heap   total 65536K, used 0K [0x00000000c1200000, 0x0000000100000000)
  region size 1024K, 1 young (1024K), 0 survivors (0K)
 Metaspace       used 164K, capacity 592K, committed 640K, reserved 1060864K
  class space    used 6K, capacity 384K, committed 384K, reserved 1048576K
Heap Regions: E=young(eden), S=young(survivor), O=old, HS=humongous(starts), HC=humongous(continues), CS=collection set, F=free, A=archive, TAMS=top-at-mark-start (previous, next)
|   0|0x00000000c1200000, 0x00000000c1200000, 0x00000000c1300000|  0%| F|  |TAMS 0x00000000c1200000, 0x00000000c1200000| Untracked 
|   1|0x00000000c1300000, 0x00000000c1300000, 0x00000000c1400000|  0%| F|  |TAMS 0x00000000c1300000, 0x00000000c1300000| Untracked 
|   2|0x00000000c1400000, 0x00000000c1400000, 0x00000000c1500000|  0%| F|  |TAMS 0x00000000c1400000, 0x00000000c1400000| Untracked 
|   3|0x00000000c1500000, 0x00000000c1500000, 0x00000000c1600000|  0%| F|  |TAMS 0x00000000c1500000, 0x00000000c1500000| Untracked 
|   4|0x00000000c1600000, 0x00000000c1600000, 0x00000000c1700000|  0%| F|  |TAMS 0x00000000c1600000, 0x00000000c1600000| Untracked 
|   5|0x00000000c1700000, 0x00000000c1700000, 0x00000000c1800000|  0%| F|  |TAMS 0x00000000c1700000, 0x00000000c1700000| Untracked 
|   6|0x00000000c1800000, 0x00000000c1800000, 0x00000000c1900000|  0%| F|  |TAMS 0x00000000c1800000, 0x00000000c1800000| Untracked 
|   7|0x00000000c1900000, 0x00000000c1900000, 0x00000000c1a00000|  0%| F|  |TAMS 0x00000000c1900000, 0x00000000c1900000| Untracked 
|   8|0x00000000c1a00000, 0x00000000c1a00000, 0x00000000c1b00000|  0%| F|  |TAMS 0x00000000c1a00000, 0x00000000c1a00000| Untracked 
|   9|0x00000000c1b00000, 0x00000000c1b00000, 0x00000000c1c00000|  0%| F|  |TAMS 0x00000000c1b00000, 0x00000000c1b00000| Untracked 
|  10|0x00000000c1c00000, 0x00000000c1c00000, 0x00000000c1d00000|  0%| F|  |TAMS 0x00000000c1c00000, 0x00000000c1c00000| Untracked 
|  11|0x00000000c1d00000, 0x00000000c1d00000, 0x00000000c1e00000|  0%| F|  |TAMS 0x00000000c1d00000, 0x00000000c1d00000| Untracked 
|  12|0x00000000c1e00000, 0x00000000c1e00000, 0x00000000c1f00000|  0%| F|  |TAMS 0x00000000c1e00000, 0x00000000c1e00000| Untracked 
|  13|0x00000000c1f00000, 0x00000000c1f00000, 0x00000000c2000000|  0%| F|  |TAMS 0x00000000c1f00000, 0x00000000c1f00000| Untracked 
|  14|0x00000000c2000000, 0x00000000c2000000, 0x00000000c2100000|  0%| F|  |TAMS 0x00000000c2000000, 0x00000000c2000000| Untracked 
|  15|0x00000000c2100000, 0x00000000c2100000, 0x00000000c2200000|  0%| F|  |TAMS 0x00000000c2100000, 0x00000000c2100000| Untracked 
|  16|0x00000000c2200000, 0x00000000c2200000, 0x00000000c2300000|  0%| F|  |TAMS 0x00000000c2200000, 0x00000000c2200000| Untracked 
|  17|0x00000000c2300000, 0x00000000c2300000, 0x00000000c2400000|  0%| F|  |TAMS 0x00000000c2300000, 0x00000000c2300000| Untracked 
|  18|0x00000000c2400000, 0x00000000c2400000, 0x00000000c2500000|  0%| F|  |TAMS 0x00000000c2400000, 0x00000000c2400000| Untracked 
|  19|0x00000000c2500000, 0x00000000c2500000, 0x00000000c2600000|  0%| F|  |TAMS 0x00000000c2500000, 0x00000000c2500000| Untracked 
|  20|0x00000000c2600000, 0x00000000c2600000, 0x00000000c2700000|  0%| F|  |TAMS 0x00000000c2600000, 0x00000000c2600000| Untracked 
|  21|0x00000000c2700000, 0x00000000c2700000, 0x00000000c2800000|  0%| F|  |TAMS 0x00000000c2700000, 0x00000000c2700000| Untracked 
|  22|0x00000000c2800000, 0x00000000c2800000, 0x00000000c2900000|  0%| F|  |TAMS 0x00000000c2800000, 0x00000000c2800000| Untracked 
|  23|0x00000000c2900000, 0x00000000c2900000, 0x00000000c2a00000|  0%| F|  |TAMS 0x00000000c2900000, 0x00000000c2900000| Untracked 
|  24|0x00000000c2a00000, 0x00000000c2a00000, 0x00000000c2b00000|  0%| F|  |TAMS 0x00000000c2a00000, 0x00000000c2a00000| Untracked 
|  25|0x00000000c2b00000, 0x00000000c2b00000, 0x00000000c2c00000|  0%| F|  |TAMS 0x00000000c2b00000, 0x00000000c2b00000| Untracked 
|  26|0x00000000c2c00000, 0x00000000c2c00000, 0x00000000c2d00000|  0%| F|  |TAMS 0x00000000c2c00000, 0x00000000c2c00000| Untracked 
|  27|0x00000000c2d00000, 0x00000000c2d00000, 0x00000000c2e00000|  0%| F|  |TAMS 0x00000000c2d00000, 0x00000000c2d00000| Untracked 
|  28|0x00000000c2e00000, 0x00000000c2e00000, 0x00000000c2f00000|  0%| F|  |TAMS 0x00000000c2e00000, 0x00000000c2e00000| Untracked 
|  29|0x00000000c2f00000, 0x00000000c2f00000, 0x00000000c3000000|  0%| F|  |TAMS 0x00000000c2f00000, 0x00000000c2f00000| Untracked 
|  30|0x00000000c3000000, 0x00000000c3000000, 0x00000000c3100000|  0%| F|  |TAMS 0x00000000c3000000, 0x00000000c3000000| Untracked 
|  31|0x00000000c3100000, 0x00000000c3100000, 0x00000000c3200000|  0%| F|  |TAMS 0x00000000c3100000, 0x00000000c3100000| Untracked 
|  32|0x00000000c3200000, 0x00000000c3200000, 0x00000000c3300000|  0%| F|  |TAMS 0x00000000c3200000, 0x00000000c3200000| Untracked 
|  33|0x00000000c3300000, 0x00000000c3300000, 0x00000000c3400000|  0%| F|  |TAMS 0x00000000c3300000, 0x00000000c3300000| Untracked 
|  34|0x00000000c3400000, 0x00000000c3400000, 0x00000000c3500000|  0%| F|  |TAMS 0x00000000c3400000, 0x00000000c3400000| Untracked 
|  35|0x00000000c3500000, 0x00000000c3500000, 0x00000000c3600000|  0%| F|  |TAMS 0x00000000c3500000, 0x00000000c3500000| Untracked 
|  36|0x00000000c3600000, 0x00000000c3600000, 0x00000000c3700000|  0%| F|  |TAMS 0x00000000c3600000, 0x00000000c3600000| Untracked 
|  37|0x00000000c3700000, 0x00000000c3700000, 0x00000000c3800000|  0%| F|  |TAMS 0x00000000c3700000, 0x00000000c3700000| Untracked 
|  38|0x00000000c3800000, 0x00000000c3800000, 0x00000000c3900000|  0%| F|  |TAMS 0x00000000c3800000, 0x00000000c3800000| Untracked 
|  39|0x00000000c3900000, 0x00000000c3900000, 0x00000000c3a00000|  0%| F|  |TAMS 0x00000000c3900000, 0x00000000c3900000| Untracked 
|  40|0x00000000c3a00000, 0x00000000c3a00000, 0x00000000c3b00000|  0%| F|  |TAMS 0x00000000c3a00000, 0x00000000c3a00000| Untracked 
|  41|0x00000000c3b00000, 0x00000000c3b00000, 0x00000000c3c00000|  0%| F|  |TAMS 0x00000000c3b00000, 0x00000000c3b00000| Untracked 
|  42|0x00000000c3c00000, 0x00000000c3c00000, 0x00000000c3d00000|  0%| F|  |TAMS 0x00000000c3c00000, 0x00000000c3c00000| Untracked 
|  43|0x00000000c3d00000, 0x00000000c3d00000, 0x00000000c3e00000|  0%| F|  |TAMS 0x00000000c3d00000, 0x00000000c3d00000| Untracked 
|  44|0x00000000c3e00000, 0x00000000c3e00000, 0x00000000c3f00000|  0%| F|  |TAMS 0x00000000c3e00000, 0x00000000c3e00000| Untracked 
|  45|0x00000000c3f00000, 0x00000000c3f00000, 0x00000000c4000000|  0%| F|  |TAMS 0x00000000c3f00000, 0x00000000c3f00000| Untracked 
|  46|0x00000000c4000000, 0x00000000c4000000, 0x00000000c4100000|  0%| F|  |TAMS 0x00000000c4000000, 0x00000000c4000000| Untracked 
|  47|0x00000000c4100000, 0x00000000c4100000, 0x00000000c4200000|  0%| F|  |TAMS 0x00000000c4100000, 0x00000000c4100000| Untracked 
|  48|0x00000000c4200000, 0x00000000c4200000, 0x00000000c4300000|  0%| F|  |TAMS 0x00000000c4200000, 0x00000000c4200000| Untracked 
|  49|0x00000000c4300000, 0x00000000c4300000, 0x00000000c4400000|  0%| F|  |TAMS 0x00000000c4300000, 0x00000000c4300000| Untracked 
|  50|0x00000000c4400000, 0x00000000c4400000, 0x00000000c4500000|  0%| F|  |TAMS 0x00000000c4400000, 0x00000000c4400000| Untracked 
|  51|0x00000000c4500000, 0x00000000c4500000, 0x00000000c4600000|  0%| F|  |TAMS 0x00000000c4500000, 0x00000000c4500000| Untracked 
|  52|0x00000000c4600000, 0x00000000c4600000, 0x00000000c4700000|  0%| F|  |TAMS 0x00000000c4600000, 0x00000000c4600000| Untracked 
|  53|0x00000000c4700000, 0x00000000c4700000, 0x00000000c4800000|  0%| F|  |TAMS 0x00000000c4700000, 0x00000000c4700000| Untracked 
|  54|0x00000000c4800000, 0x00000000c4800000, 0x00000000c4900000|  0%| F|  |TAMS 0x00000000c4800000, 0x00000000c4800000| Untracked 
|  55|0x00000000c4900000, 0x00000000c4900000, 0x00000000c4a00000|  0%| F|  |TAMS 0x00000000c4900000, 0x00000000c4900000| Untracked 
|  56|0x00000000c4a00000, 0x00000000c4a00000, 0x00000000c4b00000|  0%| F|  |TAMS 0x00000000c4a00000, 0x00000000c4a00000| Untracked 
|  57|0x00000000c4b00000, 0x00000000c4b00000, 0x00000000c4c00000|  0%| F|  |TAMS 0x00000000c4b00000, 0x00000000c4b00000| Untracked 
|  58|0x00000000c4c00000, 0x00000000c4c00000, 0x00000000c4d00000|  0%| F|  |TAMS 0x00000000c4c00000, 0x00000000c4c00000| Untracked 
|  59|0x00000000c4d00000, 0x00000000c4d00000, 0x00000000c4e00000|  0%| F|  |TAMS 0x00000000c4d00000, 0x00000000c4d00000| Untracked 
|  60|0x00000000c4e00000, 0x00000000c4e00000, 0x00000000c4f00000|  0%| F|  |TAMS 0x00000000c4e00000, 0x00000000c4e00000| Untracked 
|  61|0x00000000c4f00000, 0x00000000c4f00000, 0x00000000c5000000|  0%| F|  |TAMS 0x00000000c4f00000, 0x00000000c4f00000| Untracked 
|  62|0x00000000c5000000, 0x00000000c5000000, 0x00000000c5100000|  0%| F|  |TAMS 0x00000000c5000000, 0x00000000c5000000| Untracked 
|  63|0x00000000c5100000, 0x00000000c5200000, 0x00000000c5200000|100%| E|  |TAMS 0x00000000c5100000, 0x00000000c5100000| Complete 

Card table byte_map: [0x0000024b70080000,0x0000024b70280000] _byte_map_base: 0x0000024b6fa77000

Marking Bits (Prev, Next): (CMBitMap*) 0x0000024b58ab2688, (CMBitMap*) 0x0000024b58ab26c8
 Prev Bits: [0x0000024b70480000, 0x0000024b71438000)
 Next Bits: [0x0000024b71440000, 0x0000024b723f8000)

Polling page: 0x0000024b56880000

Metaspace:

Usage:
  Non-class:    208.00 KB capacity,   157.84 KB ( 76%) used,    49.73 KB ( 24%) free+waste,   448 bytes ( <1%) overhead. 
      Class:    384.00 KB capacity,     6.52 KB (  2%) used,   377.42 KB ( 98%) free+waste,    64 bytes ( <1%) overhead. 
       Both:    592.00 KB capacity,   164.35 KB ( 28%) used,   427.15 KB ( 72%) free+waste,   512 bytes ( <1%) overhead. 

Virtual space:
  Non-class space:       12.00 MB reserved,     256.00 KB (  2%) committed 
      Class space:        1.00 GB reserved,     384.00 KB ( <1%) committed 
             Both:        1.01 GB reserved,     640.00 KB ( <1%) committed 

Chunk freelists:
   Non-Class:  6.00 KB
       Class:  0 bytes
        Both:  6.00 KB

CodeHeap 'non-profiled nmethods': size=120064Kb used=10Kb max_used=10Kb free=120053Kb
 bounds [0x0000024b68940000, 0x0000024b68bb0000, 0x0000024b6fe80000]
CodeHeap 'profiled nmethods': size=120000Kb used=101Kb max_used=101Kb free=119898Kb
 bounds [0x0000024b61410000, 0x0000024b61680000, 0x0000024b68940000]
CodeHeap 'non-nmethods': size=5696Kb used=997Kb max_used=1006Kb free=4698Kb
 bounds [0x0000024b60e80000, 0x0000024b610f0000, 0x0000024b61410000]
 total_blobs=354 nmethods=63 adapters=158
 compilation: enabled
              stopped_count=0, restarted_count=0
 full_count=0

Compilation events (10 events):
Event: 0.552 Thread 0x0000024b748c1800   59       3       java.util.Optional::<init> (13 bytes)
Event: 0.553 Thread 0x0000024b748c1800 nmethod 59 0x0000024b61427810 code [0x0000024b61427a00, 0x0000024b61427db0]
Event: 0.558 Thread 0x0000024b748c1800   60       3       java.util.HashMap::get (23 bytes)
Event: 0.561 Thread 0x0000024b748c1800 nmethod 60 0x0000024b61427f10 code [0x0000024b61428100, 0x0000024b614284c0]
Event: 0.570 Thread 0x0000024b748c1800   61       3       java.util.ImmutableCollections$Set12$1::hasNext (13 bytes)
Event: 0.571 Thread 0x0000024b748c1800 nmethod 61 0x0000024b61428610 code [0x0000024b614287c0, 0x0000024b61428998]
Event: 0.572 Thread 0x0000024b748c1800   62       3       java.util.HashMap::put (13 bytes)
Event: 0.574 Thread 0x0000024b748c1800 nmethod 62 0x0000024b61428a10 code [0x0000024b61428c00, 0x0000024b61428f80]
Event: 0.578 Thread 0x0000024b748c1800   63       3       java.lang.module.ResolvedModule::name (11 bytes)
Event: 0.579 Thread 0x0000024b748c1800 nmethod 63 0x0000024b61429110 code [0x0000024b614292e0, 0x0000024b614294d8]

GC Heap History (0 events):
No events

Deoptimization events (0 events):
No events

Classes redefined (0 events):
No events

Internal exceptions (0 events):
No events

Events (10 events):
Event: 0.328 loading class sun/nio/cs/DelegatableDecoder
Event: 0.329 loading class sun/nio/cs/DelegatableDecoder done
Event: 0.329 loading class sun/nio/cs/DoubleByte$Decoder done
Event: 0.349 loading class sun/nio/cs/UTF_8$Encoder
Event: 0.349 loading class sun/nio/cs/UTF_8$Encoder done
Event: 0.354 Thread 0x0000024b748ab000 Thread added: 0x0000024b748ab000
Event: 0.355 Thread 0x0000024b748ac000 Thread added: 0x0000024b748ac000
Event: 0.355 Thread 0x0000024b748ae000 Thread added: 0x0000024b748ae000
Event: 0.366 Thread 0x0000024b748c1800 Thread added: 0x0000024b748c1800
Event: 0.370 Thread 0x0000024b7492c000 Thread added: 0x0000024b7492c000


Dynamic libraries:
0x00007ff7a2cb0000 - 0x00007ff7a2cbf000 	C:\Program Files\Java\jdk-12.0.1\bin\javaw.exe
0x00007ffa70d70000 - 0x00007ffa70f5d000 	C:\Windows\SYSTEM32\ntdll.dll
0x00007ffa707d0000 - 0x00007ffa70883000 	C:\Windows\System32\KERNEL32.DLL
0x00007ffa6d360000 - 0x00007ffa6d5f3000 	C:\Windows\System32\KERNELBASE.dll
0x00007ffa6abf0000 - 0x00007ffa6ac7c000 	C:\Windows\SYSTEM32\apphelp.dll
0x00007ffa6d080000 - 0x00007ffa6d17a000 	C:\Windows\System32\ucrtbase.dll
0x00007ffa642a0000 - 0x00007ffa642b6000 	C:\Program Files\Java\jdk-12.0.1\bin\VCRUNTIME140.dll
0x00007ffa65b40000 - 0x00007ffa65b58000 	C:\Program Files\Java\jdk-12.0.1\bin\jli.dll
0x00007ffa6fad0000 - 0x00007ffa6fb73000 	C:\Windows\System32\ADVAPI32.dll
0x00007ffa6fe80000 - 0x00007ffa6ff1e000 	C:\Windows\System32\msvcrt.dll
0x00007ffa70a20000 - 0x00007ffa70abe000 	C:\Windows\System32\sechost.dll
0x00007ffa70160000 - 0x00007ffa70282000 	C:\Windows\System32\RPCRT4.dll
0x00007ffa6f4f0000 - 0x00007ffa6f687000 	C:\Windows\System32\USER32.dll
0x00007ffa6ce30000 - 0x00007ffa6ce50000 	C:\Windows\System32\win32u.dll
0x00007ffa6fba0000 - 0x00007ffa6fbc9000 	C:\Windows\System32\GDI32.dll
0x00007ffa6cee0000 - 0x00007ffa6d079000 	C:\Windows\System32\gdi32full.dll
0x00007ffa6def0000 - 0x00007ffa6df90000 	C:\Windows\System32\msvcp_win.dll
0x00007ffa5d950000 - 0x00007ffa5dbc9000 	C:\Windows\WinSxS\amd64_microsoft.windows.common-controls_6595b64144ccf1df_6.0.17763.802_none_05b1445c0722d2cc\COMCTL32.dll
0x00007ffa6f740000 - 0x00007ffa6fa6c000 	C:\Windows\System32\combase.dll
0x00007ffa5e230000 - 0x00007ffa5e23a000 	C:\Windows\SYSTEM32\VERSION.dll
0x00007ffa6dda0000 - 0x00007ffa6de1e000 	C:\Windows\System32\bcryptPrimitives.dll
0x00007ffa707a0000 - 0x00007ffa707ce000 	C:\Windows\System32\IMM32.DLL
0x00007ffa5fed0000 - 0x00007ffa5ff7a000 	C:\Program Files\Java\jdk-12.0.1\bin\msvcp140.dll
0x00007ffa59960000 - 0x00007ffa5a4d4000 	C:\Program Files\Java\jdk-12.0.1\bin\server\jvm.dll
0x00007ffa6fe70000 - 0x00007ffa6fe78000 	C:\Windows\System32\PSAPI.DLL
0x00007ffa6bba0000 - 0x00007ffa6bba9000 	C:\Windows\SYSTEM32\WSOCK32.dll
0x00007ffa6a9d0000 - 0x00007ffa6a9f4000 	C:\Windows\SYSTEM32\WINMM.dll
0x00007ffa70890000 - 0x00007ffa708fd000 	C:\Windows\System32\WS2_32.dll
0x00007ffa6a9a0000 - 0x00007ffa6a9cd000 	C:\Windows\SYSTEM32\winmmbase.dll
0x00007ffa6d600000 - 0x00007ffa6d64a000 	C:\Windows\System32\cfgmgr32.dll
0x00007ffa6ce10000 - 0x00007ffa6ce21000 	C:\Windows\System32\kernel.appcore.dll
0x00007ffa65bd0000 - 0x00007ffa65be1000 	C:\Program Files\Java\jdk-12.0.1\bin\verify.dll
0x00007ffa6b720000 - 0x00007ffa6b90d000 	C:\Windows\SYSTEM32\DBGHELP.DLL
0x00007ffa62300000 - 0x00007ffa6232a000 	C:\Windows\SYSTEM32\dbgcore.DLL
0x00007ffa65ba0000 - 0x00007ffa65bc6000 	C:\Program Files\Java\jdk-12.0.1\bin\java.dll
0x00007ffa64f70000 - 0x00007ffa64f87000 	C:\Program Files\Java\jdk-12.0.1\bin\zip.dll
0x00007ffa64f20000 - 0x00007ffa64f2a000 	C:\Program Files\Java\jdk-12.0.1\bin\jimage.dll
0x00007ffa6dff0000 - 0x00007ffa6f4e4000 	C:\Windows\System32\SHELL32.dll
0x00007ffa6f690000 - 0x00007ffa6f738000 	C:\Windows\System32\shcore.dll
0x00007ffa6d650000 - 0x00007ffa6dd9d000 	C:\Windows\System32\windows.storage.dll
0x00007ffa6cd60000 - 0x00007ffa6cd84000 	C:\Windows\System32\profapi.dll
0x00007ffa6cdb0000 - 0x00007ffa6ce0d000 	C:\Windows\System32\powrprof.dll
0x00007ffa70900000 - 0x00007ffa70952000 	C:\Windows\System32\shlwapi.dll
0x00007ffa6de20000 - 0x00007ffa6de37000 	C:\Windows\System32\cryptsp.dll

dbghelp: loaded successfully - version: 4.0.5 - missing functions: none
symbol engine: initialized successfully - sym options: 0x614 - pdb path: .;C:\Program Files\Java\jdk-12.0.1\bin;C:\Windows\SYSTEM32;C:\Windows\WinSxS\amd64_microsoft.windows.common-controls_6595b64144ccf1df_6.0.17763.802_none_05b1445c0722d2cc;C:\Program Files\Java\jdk-12.0.1\bin\server

VM Arguments:
jvm_args: -Dfile.encoding=UTF-8 
java_command: com.biz.cbt.exec.Main
java_class_path (initial): C:\study_java\Java_TS_001_CBT\target\classes;C:\jarPack\mybatis-3.5.3.jar;C:\jarPack\mysql-connector-java-8.0.18.jar;C:\jarPack\lombok.jar;C:\Users\JGM\.m2\repository\org\projectlombok\lombok\1.18.10\lombok-1.18.10.jar;C:\Users\JGM\.m2\repository\org\mybatis\mybatis\3.5.3\mybatis-3.5.3.jar;C:\Users\JGM\.m2\repository\mysql\mysql-connector-java\8.0.18\mysql-connector-java-8.0.18.jar;C:\Users\JGM\.m2\repository\com\google\protobuf\protobuf-java\3.6.1\protobuf-java-3.6.1.jar
Launcher Type: SUN_STANDARD

[Global flags]
     intx CICompilerCount                          = 3                                         {product} {ergonomic}
     uint ConcGCThreads                            = 1                                         {product} {ergonomic}
     uint G1ConcRefinementThreads                  = 4                                         {product} {ergonomic}
   size_t G1HeapRegionSize                         = 1048576                                   {product} {ergonomic}
    uintx GCDrainStackTargetSize                   = 64                                        {product} {ergonomic}
   size_t InitialHeapSize                          = 67108864                                  {product} {ergonomic}
   size_t MarkStackSize                            = 4194304                                   {product} {ergonomic}
   size_t MaxHeapSize                              = 1054867456                                {product} {ergonomic}
   size_t MaxNewSize                               = 632291328                                 {product} {ergonomic}
   size_t MinHeapDeltaBytes                        = 1048576                                   {product} {ergonomic}
    uintx NonNMethodCodeHeapSize                   = 5830732                                {pd product} {ergonomic}
    uintx NonProfiledCodeHeapSize                  = 122913754                              {pd product} {ergonomic}
    uintx ProfiledCodeHeapSize                     = 122913754                              {pd product} {ergonomic}
    uintx ReservedCodeCacheSize                    = 251658240                              {pd product} {ergonomic}
     bool SegmentedCodeCache                       = true                                      {product} {ergonomic}
     bool UseCompressedClassPointers               = true                                 {lp64_product} {ergonomic}
     bool UseCompressedOops                        = true                                 {lp64_product} {ergonomic}
     bool UseG1GC                                  = true                                      {product} {ergonomic}
     bool UseLargePagesIndividualAllocation        = false                                  {pd product} {ergonomic}

Logging:
Log output configuration:
 #0: stdout all=warning uptime,level,tags
 #1: stderr all=off uptime,level,tags

Environment Variables:
JAVA_HOME=C:\Program Files\Java\jdk-12.0.1
CLASSPATH=.;C:\Program Files\Java\jdk-12.0.1\lib
PATH=C:/Program Files/Java/jdk-12.0.1/bin/server;C:/Program Files/Java/jdk-12.0.1/bin;%path%;C:\Program Files\Java\jdk-12.0.1\bin;C:\Windows\system32;C:\Windows;C:\Program Files\MySQL\MySQL Utilities 1.6;C:\Program Files\MySQL\MySQL Server 8.0\bin;C:\devtool\apache-maven-3.6.2-bin\apache-maven-3.6.2\bin;C:\devtool\gradle-5.6.2-bin\gradle-5.6.2\bin;C:\Program Files\Git\cmd;C:\devtool\apache-maven-3.6.2-bin\apache-maven-3.6.2\;C:\Program Files\Java\jdk-12.0.1\bin;C:\Windows\system32;C:\Windows;C:\Program Files\MySQL\MySQL Utilities 1.6;C:\Program Files\MySQL\MySQL Server 8.0\bin;C:\devtool\apache-maven-3.6.2-bin\apache-maven-3.6.2\bin;C:\devtool\gradle-5.6.2-bin\gradle-5.6.2\bin;C:\Program Files\Git\cmd;C:\devtool\apache-maven-3.6.2-bin\apache-maven-3.6.2\;C:\Users\JGM\Desktop;
USERNAME=JGM
OS=Windows_NT
PROCESSOR_IDENTIFIER=Intel64 Family 6 Model 76 Stepping 4, GenuineIntel



---------------  S Y S T E M  ---------------

OS: Windows 10 , 64 bit Build 17763 (10.0.17763.475)

CPU:total 4 (initial active 4) (4 cores per cpu, 1 threads per core) family 6 model 76 stepping 4, cmov, cx8, fxsr, mmx, sse, sse2, sse3, ssse3, sse4.1, sse4.2, popcnt, aes, clmul, erms, 3dnowpref, tsc, tscinvbit

Memory: 4k page, system-wide physical 4020M (265M free)
TotalPageFile size 11293M (AvailPageFile size 0M)
current process WorkingSet (physical memory assigned to process): 25M, peak: 25M
current process commit charge ("private bytes"): 126M, peak: 128M

vm_info: Java HotSpot(TM) 64-Bit Server VM (12.0.1+12) for windows-amd64 JRE (12.0.1+12), built on Apr  2 2019 14:02:19 by "mach5one" with MS VC++ 15.5 (VS2017)

END.
